<?xml version="1.0" encoding="UTF-8"?>
<!-- Generated by org.testng.reporters.JUnitXMLReporter -->
<testsuite hostname="Fatemas-MacBook-Pro.local" ignored="0" name="Test" tests="3" failures="0" timestamp="15 Jul 2017 20:22:58 GMT" time="47.139" errors="0">
  <testcase name="creatAccount" time="11.347" classname="com.first.macCode.first.macCode.com.VerifyCreateAccount"/>
  <testcase name="verifyCreatePage" time="11.723" classname="com.first.macCode.first.macCode.com.VerifyPrivacyPolicy"/>
  <testcase name="verifyMobileLink" time="12.02" classname="com.first.macCode.first.macCode.com.VerifyRadioButton"/>
</testsuite> <!-- Test -->
